#-----------------------------------------------------------
# Vivado v2020.1 (64-bit)
# SW Build 2902540 on Wed May 27 19:54:49 MDT 2020
# IP Build 2902112 on Wed May 27 22:43:36 MDT 2020
# Start of session at: Mon Mar 29 11:14:58 2021
# Process ID: 10468
# Current directory: E:/class/Master of ANU/6213_Digital Systems and Microprocessors/my_6213/lab4/MicrowaveFSM
# Command line: vivado.exe -gui_launcher_event rodinguilauncherevent14440 E:\class\Master of ANU\6213_Digital Systems and Microprocessors\my_6213\lab4\MicrowaveFSM\MicrowaveFSM.xpr
# Log file: E:/class/Master of ANU/6213_Digital Systems and Microprocessors/my_6213/lab4/MicrowaveFSM/vivado.log
# Journal file: E:/class/Master of ANU/6213_Digital Systems and Microprocessors/my_6213/lab4/MicrowaveFSM\vivado.jou
#-----------------------------------------------------------
start_gui
open_project {E:/class/Master of ANU/6213_Digital Systems and Microprocessors/my_6213/lab4/MicrowaveFSM/MicrowaveFSM.xpr}
INFO: [ProjectBase 1-489] The host OS only allows 260 characters in a normal path. The project is stored in a path with more than 80 characters. If you experience issues with IP, Block Designs, or files not being found, please consider moving the project to a location with a shorter path. Alternately consider using the OS subst command to map part of the path to a drive letter.
Current project path is 'E:/class/Master of ANU/6213_Digital Systems and Microprocessors/my_6213/lab4/MicrowaveFSM'
Scanning sources...
Finished scanning sources
INFO: [IP_Flow 19-234] Refreshing IP repositories
INFO: [IP_Flow 19-1704] No user IP repositories specified
INFO: [IP_Flow 19-2313] Loaded Vivado IP repository 'D:/Xilinx/Vivado/2020.1/data/ip'.
WARNING: [Common 17-9] Error reading message records.
open_project: Time (s): cpu = 00:00:14 ; elapsed = 00:00:19 . Memory (MB): peak = 1025.617 ; gain = 0.000
reset_run synth_1
launch_runs impl_1 -to_step write_bitstream -jobs 4
[Mon Mar 29 19:36:58 2021] Launched synth_1...
Run output will be captured here: E:/class/Master of ANU/6213_Digital Systems and Microprocessors/my_6213/lab4/MicrowaveFSM/MicrowaveFSM.runs/synth_1/runme.log
[Mon Mar 29 19:36:58 2021] Launched impl_1...
Run output will be captured here: E:/class/Master of ANU/6213_Digital Systems and Microprocessors/my_6213/lab4/MicrowaveFSM/MicrowaveFSM.runs/impl_1/runme.log
open_hw_manager
connect_hw_server -allow_non_jtag
INFO: [Labtools 27-2285] Connecting to hw_server url TCP:localhost:3121
INFO: [Labtools 27-2222] Launching hw_server...
INFO: [Labtools 27-2221] Launch Output:

****** Xilinx hw_server v2020.1
  **** Build date : May 27 2020 at 20:24:38
    ** Copyright 1986-2020 Xilinx, Inc. All Rights Reserved.


INFO: [Labtools 27-3415] Connecting to cs_server url TCP:localhost:3042
INFO: [Labtools 27-3417] Launching cs_server...
INFO: [Labtools 27-2221] Launch Output:


****** Xilinx cs_server v2020.1.0
  **** Build date : May 14 2020-09:10:29
    ** Copyright 2017-2020 Xilinx, Inc. All Rights Reserved.



connect_hw_server: Time (s): cpu = 00:00:01 ; elapsed = 00:00:13 . Memory (MB): peak = 1025.617 ; gain = 0.000
open_hw_target
INFO: [Labtoolstcl 44-466] Opening hw_target localhost:3121/xilinx_tcf/Digilent/210183B04248A
open_hw_target: Time (s): cpu = 00:00:05 ; elapsed = 00:00:06 . Memory (MB): peak = 2155.824 ; gain = 1130.207
set_property PROGRAM.FILE {E:/class/Master of ANU/6213_Digital Systems and Microprocessors/my_6213/lab4/MicrowaveFSM/MicrowaveFSM.runs/impl_1/MicrowaveFSM_top.bit} [get_hw_devices xc7a35t_0]
current_hw_device [get_hw_devices xc7a35t_0]
refresh_hw_device -update_hw_probes false [lindex [get_hw_devices xc7a35t_0] 0]
INFO: [Labtools 27-1434] Device xc7a35t (JTAG device index = 0) is programmed with a design that has no supported debug core(s) in it.
set_property PROBES.FILE {} [get_hw_devices xc7a35t_0]
set_property FULL_PROBES.FILE {} [get_hw_devices xc7a35t_0]
set_property PROGRAM.FILE {E:/class/Master of ANU/6213_Digital Systems and Microprocessors/my_6213/lab4/MicrowaveFSM/MicrowaveFSM.runs/impl_1/MicrowaveFSM_top.bit} [get_hw_devices xc7a35t_0]
program_hw_devices [get_hw_devices xc7a35t_0]
INFO: [Labtools 27-3164] End of startup status: HIGH
refresh_hw_device [lindex [get_hw_devices xc7a35t_0] 0]
INFO: [Labtools 27-1434] Device xc7a35t (JTAG device index = 0) is programmed with a design that has no supported debug core(s) in it.
reset_run impl_1 -prev_step 
launch_runs impl_1 -to_step write_bitstream -jobs 4
WARNING: [Vivado 12-872] Run step 'Design Initialization' is out-of-date.
[Mon Mar 29 19:42:53 2021] Launched impl_1...
Run output will be captured here: E:/class/Master of ANU/6213_Digital Systems and Microprocessors/my_6213/lab4/MicrowaveFSM/MicrowaveFSM.runs/impl_1/runme.log
set_property PROBES.FILE {} [get_hw_devices xc7a35t_0]
set_property FULL_PROBES.FILE {} [get_hw_devices xc7a35t_0]
set_property PROGRAM.FILE {E:/class/Master of ANU/6213_Digital Systems and Microprocessors/my_6213/lab4/MicrowaveFSM/MicrowaveFSM.runs/impl_1/MicrowaveFSM_top.bit} [get_hw_devices xc7a35t_0]
program_hw_devices [get_hw_devices xc7a35t_0]
INFO: [Labtools 27-3164] End of startup status: HIGH
refresh_hw_device [lindex [get_hw_devices xc7a35t_0] 0]
INFO: [Labtools 27-1434] Device xc7a35t (JTAG device index = 0) is programmed with a design that has no supported debug core(s) in it.
reset_run synth_1
launch_runs impl_1 -to_step write_bitstream -jobs 4
[Mon Mar 29 19:47:46 2021] Launched synth_1...
Run output will be captured here: E:/class/Master of ANU/6213_Digital Systems and Microprocessors/my_6213/lab4/MicrowaveFSM/MicrowaveFSM.runs/synth_1/runme.log
[Mon Mar 29 19:47:46 2021] Launched impl_1...
Run output will be captured here: E:/class/Master of ANU/6213_Digital Systems and Microprocessors/my_6213/lab4/MicrowaveFSM/MicrowaveFSM.runs/impl_1/runme.log
set_property PROBES.FILE {} [get_hw_devices xc7a35t_0]
set_property FULL_PROBES.FILE {} [get_hw_devices xc7a35t_0]
set_property PROGRAM.FILE {E:/class/Master of ANU/6213_Digital Systems and Microprocessors/my_6213/lab4/MicrowaveFSM/MicrowaveFSM.runs/impl_1/MicrowaveFSM_top.bit} [get_hw_devices xc7a35t_0]
program_hw_devices [get_hw_devices xc7a35t_0]
INFO: [Labtools 27-3164] End of startup status: HIGH
refresh_hw_device [lindex [get_hw_devices xc7a35t_0] 0]
INFO: [Labtools 27-1434] Device xc7a35t (JTAG device index = 0) is programmed with a design that has no supported debug core(s) in it.
exit
INFO: [Common 17-206] Exiting Vivado at Mon Mar 29 19:55:17 2021...
