#-----------------------------------------------------------
# Vivado v2020.1 (64-bit)
# SW Build 2902540 on Wed May 27 19:54:49 MDT 2020
# IP Build 2902112 on Wed May 27 22:43:36 MDT 2020
# Start of session at: Fri Apr 16 14:38:57 2021
# Process ID: 3356
# Current directory: E:/class/Master of ANU/6213_Digital Systems and Microprocessors/my_6213/lab4/MicrowaveFSM
# Command line: vivado.exe -gui_launcher_event rodinguilauncherevent12900 E:\class\Master of ANU\6213_Digital Systems and Microprocessors\my_6213\lab4\MicrowaveFSM\MicrowaveFSM.xpr
# Log file: E:/class/Master of ANU/6213_Digital Systems and Microprocessors/my_6213/lab4/MicrowaveFSM/vivado.log
# Journal file: E:/class/Master of ANU/6213_Digital Systems and Microprocessors/my_6213/lab4/MicrowaveFSM\vivado.jou
#-----------------------------------------------------------
start_gui
open_project {E:/class/Master of ANU/6213_Digital Systems and Microprocessors/my_6213/lab4/MicrowaveFSM/MicrowaveFSM.xpr}
INFO: [ProjectBase 1-489] The host OS only allows 260 characters in a normal path. The project is stored in a path with more than 80 characters. If you experience issues with IP, Block Designs, or files not being found, please consider moving the project to a location with a shorter path. Alternately consider using the OS subst command to map part of the path to a drive letter.
Current project path is 'E:/class/Master of ANU/6213_Digital Systems and Microprocessors/my_6213/lab4/MicrowaveFSM'
Scanning sources...
Finished scanning sources
INFO: [IP_Flow 19-234] Refreshing IP repositories
INFO: [IP_Flow 19-1704] No user IP repositories specified
INFO: [IP_Flow 19-2313] Loaded Vivado IP repository 'D:/Xilinx/Vivado/2020.1/data/ip'.
open_project: Time (s): cpu = 00:00:22 ; elapsed = 00:00:09 . Memory (MB): peak = 1025.047 ; gain = 0.000
exit
INFO: [Common 17-206] Exiting Vivado at Fri Apr 16 17:50:54 2021...
